2025-10-22 18:21:29 [[32MINFO[39M]: [32mServer is running on port 8080[39m
2025-10-22 18:21:29 [[32MINFO[39M]: [32mRunning initial database setup...[39m
2025-10-22 18:21:29 [[32MINFO[39M]: [32mDatabase setup completed.[39m
2025-10-24 09:08:43 [[32MINFO[39M]: [32mServer is running on port 8080[39m
2025-10-24 09:08:43 [[32MINFO[39M]: [32mRunning initial database setup...[39m
2025-10-24 09:08:43 [[32MINFO[39M]: [32mDatabase setup completed.[39m
2025-10-24 10:02:41 [[32MINFO[39M]: [32mServer is running on port 8080[39m
2025-10-24 10:02:41 [[32MINFO[39M]: [32mRunning initial database setup...[39m
2025-10-24 10:02:42 [[32MINFO[39M]: [32mDatabase setup completed.[39m
2025-10-24 10:33:59 [[32MINFO[39M]: [32mServer is running on port 8080[39m
2025-10-24 10:33:59 [[32MINFO[39M]: [32mRunning initial database setup...[39m
2025-10-24 10:33:59 [[32MINFO[39M]: [32mDatabase setup completed.[39m
2025-10-24 10:43:16 [[32MINFO[39M]: [32mServer is running on port 8080[39m
2025-10-24 10:43:16 [[32MINFO[39M]: [32mRunning initial database setup...[39m
2025-10-24 10:43:17 [[32MINFO[39M]: [32mDatabase setup completed.[39m
2025-10-24 10:43:40 [[32MINFO[39M]: [32mServer is running on port 8080[39m
2025-10-24 10:43:40 [[32MINFO[39M]: [32mRunning initial database setup...[39m
2025-10-24 10:43:40 [[32MINFO[39M]: [32mDatabase setup completed.[39m
2025-10-24 11:35:10 [[32MINFO[39M]: [32mServer is running on port 8080[39m
2025-10-24 11:35:10 [[32MINFO[39M]: [32mRunning initial database setup...[39m
2025-10-24 11:35:10 [[32MINFO[39M]: [32mDatabase setup completed.[39m
2025-10-24 11:39:38 [[32MINFO[39M]: [32mServer is running on port 8080[39m
2025-10-24 11:39:38 [[32MINFO[39M]: [32mRunning initial database setup...[39m
2025-10-24 11:39:39 [[32MINFO[39M]: [32mDatabase setup completed.[39m
2025-10-24 11:41:35 [[32MINFO[39M]: [32mServer is running on port 8080[39m
2025-10-24 11:41:35 [[32MINFO[39M]: [32mRunning initial database setup...[39m
2025-10-24 11:41:35 [[32MINFO[39M]: [32mDatabase setup completed.[39m
2025-10-24 11:42:39 [[32MINFO[39M]: [32mServer is running on port 8080[39m
2025-10-24 11:42:39 [[32MINFO[39M]: [32mRunning initial database setup...[39m
2025-10-24 11:42:39 [[32MINFO[39M]: [32mDatabase setup completed.[39m
2025-10-24 11:51:46 [[32MINFO[39M]: [32mServer is running on port 8080[39m
2025-10-24 11:51:46 [[32MINFO[39M]: [32mRunning initial database setup...[39m
2025-10-24 11:51:46 [[32MINFO[39M]: [32mDatabase setup completed.[39m
2025-10-24 11:54:18 [[32MINFO[39M]: [32mServer is running on port 8080[39m
2025-10-24 11:54:18 [[32MINFO[39M]: [32mRunning initial database setup...[39m
2025-10-24 11:54:18 [[32MINFO[39M]: [32mDatabase setup completed.[39m
2025-10-24 11:54:51 [[32MINFO[39M]: [32mServer is running on port 8080[39m
2025-10-24 11:54:51 [[32MINFO[39M]: [32mRunning initial database setup...[39m
2025-10-24 11:54:51 [[32MINFO[39M]: [32mDatabase setup completed.[39m
2025-10-24 11:56:46 [[32MINFO[39M]: [32mServer is running on port 8080[39m
2025-10-24 11:56:46 [[32MINFO[39M]: [32mRunning initial database setup...[39m
2025-10-24 11:56:47 [[32MINFO[39M]: [32mDatabase setup completed.[39m
2025-10-24 12:12:04 [[32MINFO[39M]: [32mServer is running on port 8080[39m
2025-10-24 12:12:04 [[32MINFO[39M]: [32mRunning initial database setup...[39m
2025-10-24 12:12:04 [[32MINFO[39M]: [32mDatabase setup completed.[39m
2025-10-24 12:21:14 [[32MINFO[39M]: [32mServer is running on port 8080[39m
2025-10-24 12:21:14 [[32MINFO[39M]: [32mRunning initial database setup...[39m
2025-10-24 12:21:14 [[32MINFO[39M]: [32mDatabase setup completed.[39m
2025-10-24 12:23:11 [[32MINFO[39M]: [32mServer is running on port 8080[39m
2025-10-24 12:23:11 [[32MINFO[39M]: [32mRunning initial database setup...[39m
2025-10-24 12:23:11 [[32MINFO[39M]: [32mDatabase setup completed.[39m
2025-10-24 12:27:08 [[32MINFO[39M]: [32mServer is running on port 8080[39m
2025-10-24 12:27:08 [[32MINFO[39M]: [32mRunning initial database setup...[39m
2025-10-24 12:27:08 [[32MINFO[39M]: [32mDatabase setup completed.[39m
2025-10-24 12:28:19 [[32MINFO[39M]: [32mServer is running on port 8080[39m
2025-10-24 12:28:19 [[32MINFO[39M]: [32mRunning initial database setup...[39m
2025-10-24 12:28:19 [[32MINFO[39M]: [32mDatabase setup completed.[39m
2025-10-24 12:37:49 [[32MINFO[39M]: [32mServer is running on port 8080[39m
2025-10-24 12:37:49 [[32MINFO[39M]: [32mRunning initial database setup...[39m
2025-10-24 12:37:50 [[32MINFO[39M]: [32mDatabase setup completed.[39m
2025-10-24 12:40:46 [[32MINFO[39M]: [32mServer is running on port 8080[39m
2025-10-24 12:40:46 [[32MINFO[39M]: [32mRunning initial database setup...[39m
2025-10-24 12:40:46 [[32MINFO[39M]: [32mDatabase setup completed.[39m
2025-10-24 12:41:15 [[32MINFO[39M]: [32mServer is running on port 8080[39m
2025-10-24 12:41:15 [[32MINFO[39M]: [32mRunning initial database setup...[39m
2025-10-24 12:41:16 [[32MINFO[39M]: [32mDatabase setup completed.[39m
2025-10-24 12:46:22 [[32MINFO[39M]: [32mServer is running on port 8080[39m
2025-10-24 12:46:22 [[32MINFO[39M]: [32mRunning initial database setup...[39m
2025-10-24 12:46:22 [[32MINFO[39M]: [32mDatabase setup completed.[39m
2025-10-24 12:46:48 [[32MINFO[39M]: [32mServer is running on port 8080[39m
2025-10-24 12:46:48 [[32MINFO[39M]: [32mRunning initial database setup...[39m
2025-10-24 12:46:48 [[32MINFO[39M]: [32mDatabase setup completed.[39m
2025-10-24 12:51:04 [[32MINFO[39M]: [32mServer is running on port 8080[39m
2025-10-24 12:51:04 [[32MINFO[39M]: [32mRunning initial database setup...[39m
2025-10-24 12:51:04 [[32MINFO[39M]: [32mDatabase setup completed.[39m
2025-10-24 12:51:36 [[32MINFO[39M]: [32mServer is running on port 8080[39m
2025-10-24 12:51:36 [[32MINFO[39M]: [32mRunning initial database setup...[39m
2025-10-24 12:51:36 [[32MINFO[39M]: [32mDatabase setup completed.[39m
2025-10-24 14:42:36 [[32MINFO[39M]: [32mServer is running on port 8080[39m
2025-10-24 14:42:36 [[32MINFO[39M]: [32mRunning initial database setup...[39m
2025-10-24 14:42:36 [[32MINFO[39M]: [32mDatabase setup completed.[39m
2025-10-24 14:43:41 [[32MINFO[39M]: [32mServer is running on port 8080[39m
2025-10-24 14:43:41 [[32MINFO[39M]: [32mRunning initial database setup...[39m
2025-10-24 14:43:41 [[32MINFO[39M]: [32mDatabase setup completed.[39m
2025-10-24 15:30:11 [[32MINFO[39M]: [32mServer is running on port 8080[39m
2025-10-24 15:30:11 [[32MINFO[39M]: [32mRunning initial database setup...[39m
2025-10-24 15:30:11 [[32MINFO[39M]: [32mDatabase setup completed.[39m
2025-10-24 16:58:29 [[32MINFO[39M]: [32mServer is running on port 8080[39m
2025-10-24 16:58:29 [[32MINFO[39M]: [32mRunning initial database setup...[39m
2025-10-24 16:58:29 [[32MINFO[39M]: [32mDatabase setup completed.[39m
2025-10-24 17:00:55 [[32MINFO[39M]: [32mServer is running on port 8080[39m
2025-10-24 17:00:55 [[32MINFO[39M]: [32mRunning initial database setup...[39m
2025-10-24 17:00:55 [[32MINFO[39M]: [32mDatabase setup completed.[39m
2025-10-24 17:01:46 [[32MINFO[39M]: [32mServer is running on port 8080[39m
2025-10-24 17:01:46 [[32MINFO[39M]: [32mRunning initial database setup...[39m
2025-10-24 17:01:46 [[32MINFO[39M]: [32mDatabase setup completed.[39m
2025-10-24 17:04:46 [[32MINFO[39M]: [32mServer is running on port 8080[39m
2025-10-24 17:04:46 [[32MINFO[39M]: [32mRunning initial database setup...[39m
2025-10-24 17:04:46 [[32MINFO[39M]: [32mDatabase setup completed.[39m
2025-10-25 10:08:39 [[32MINFO[39M]: [32mServer is running on port 8080[39m
2025-10-25 10:08:39 [[32MINFO[39M]: [32mRunning initial database setup...[39m
2025-10-25 10:08:39 [[32MINFO[39M]: [32mDatabase setup completed.[39m
2025-10-25 14:02:49 [[31MERROR[39M]: [31muncaughtException: тип Unable to compile TypeScript:[39m
[31m[96msrc/services/customerService.ts[0m:[93m3[0m:[93m3[0m - [91merror[0m[90m TS2305: [0mModule '"../config/socket"' has no exported member 'broadcastCustomerList'.[39m

[31m[7m3[0m   broadcastCustomerList,[39m
[31m[7m [0m [91m  ~~~~~~~~~~~~~~~~~~~~~[0m[39m
[31m[96msrc/services/customerService.ts[0m:[93m4[0m:[93m3[0m - [91merror[0m[90m TS2305: [0mModule '"../config/socket"' has no exported member 'broadcastSingleCustomerUpdate'.[39m

[31m[7m4[0m   broadcastSingleCustomerUpdate,[39m
[31m[7m [0m [91m  ~~~~~~~~~~~~~~~~~~~~~~~~~~~~~[0m[39m
[31m[96msrc/services/customerService.ts[0m:[93m5[0m:[93m3[0m - [91merror[0m[90m TS2305: [0mModule '"../config/socket"' has no exported member 'sendInitialCustomerList'.[39m

[31m[7m5[0m   sendInitialCustomerList,[39m
[31m[7m [0m [91m  ~~~~~~~~~~~~~~~~~~~~~~~[0m[39m
[31m[96msrc/services/customerService.ts[0m:[93m6[0m:[93m3[0m - [91merror[0m[90m TS2305: [0mModule '"../config/socket"' has no exported member 'sendCustomerListError'.[39m

[31m[7m6[0m   sendCustomerListError,[39m
[31m[7m [0m [91m  ~~~~~~~~~~~~~~~~~~~~~[0m[39m
[31m[96msrc/services/customerService.ts[0m:[93m7[0m:[93m3[0m - [91merror[0m[90m TS2305: [0mModule '"../config/socket"' has no exported member 'hasConnectedAdmins'.[39m

[31m[7m7[0m   hasConnectedAdmins,[39m
[31m[7m [0m [91m  ~~~~~~~~~~~~~~~~~~[0m[39m

[31mTSError: тип Unable to compile TypeScript:[39m
[31m[96msrc/services/customerService.ts[0m:[93m3[0m:[93m3[0m - [91merror[0m[90m TS2305: [0mModule '"../config/socket"' has no exported member 'broadcastCustomerList'.[39m

[31m[7m3[0m   broadcastCustomerList,[39m
[31m[7m [0m [91m  ~~~~~~~~~~~~~~~~~~~~~[0m[39m
[31m[96msrc/services/customerService.ts[0m:[93m4[0m:[93m3[0m - [91merror[0m[90m TS2305: [0mModule '"../config/socket"' has no exported member 'broadcastSingleCustomerUpdate'.[39m

[31m[7m4[0m   broadcastSingleCustomerUpdate,[39m
[31m[7m [0m [91m  ~~~~~~~~~~~~~~~~~~~~~~~~~~~~~[0m[39m
[31m[96msrc/services/customerService.ts[0m:[93m5[0m:[93m3[0m - [91merror[0m[90m TS2305: [0mModule '"../config/socket"' has no exported member 'sendInitialCustomerList'.[39m

[31m[7m5[0m   sendInitialCustomerList,[39m
[31m[7m [0m [91m  ~~~~~~~~~~~~~~~~~~~~~~~[0m[39m
[31m[96msrc/services/customerService.ts[0m:[93m6[0m:[93m3[0m - [91merror[0m[90m TS2305: [0mModule '"../config/socket"' has no exported member 'sendCustomerListError'.[39m

[31m[7m6[0m   sendCustomerListError,[39m
[31m[7m [0m [91m  ~~~~~~~~~~~~~~~~~~~~~[0m[39m
[31m[96msrc/services/customerService.ts[0m:[93m7[0m:[93m3[0m - [91merror[0m[90m TS2305: [0mModule '"../config/socket"' has no exported member 'hasConnectedAdmins'.[39m

[31m[7m7[0m   hasConnectedAdmins,[39m
[31m[7m [0m [91m  ~~~~~~~~~~~~~~~~~~[0m[39m

[31m    at createTSError (D:\Logistics\Logistics\backend\node_modules\ts-node\src\index.ts:859:12)[39m
[31m    at reportTSError (D:\Logistics\Logistics\backend\node_modules\ts-node\src\index.ts:863:19)[39m
[31m    at getOutput (D:\Logistics\Logistics\backend\node_modules\ts-node\src\index.ts:1077:36)[39m
[31m    at Object.compile (D:\Logistics\Logistics\backend\node_modules\ts-node\src\index.ts:1433:41)[39m
[31m    at Module.m._compile (D:\Logistics\Logistics\backend\node_modules\ts-node\src\index.ts:1617:30)[39m
[31m    at node:internal/modules/cjs/loader:1706:10[39m
[31m    at Object.require.extensions.<computed> [as .ts] (D:\Logistics\Logistics\backend\node_modules\ts-node\src\index.ts:1621:12)[39m
[31m    at Module.load (node:internal/modules/cjs/loader:1289:32)[39m
[31m    at Function._load (node:internal/modules/cjs/loader:1108:12)[39m
[31m    at TracingChannel.traceSync (node:diagnostics_channel:322:14)[39m
2025-10-25 14:03:30 [[31MERROR[39M]: [31muncaughtException: тип Unable to compile TypeScript:[39m
[31m[96msrc/services/customerService.ts[0m:[93m8[0m:[93m3[0m - [91merror[0m[90m TS2459: [0mModule '"../socket/Whatsapp.socket"' declares 'getIO' locally, but it is not exported.[39m

[31m[7m8[0m   getIO[39m
[31m[7m [0m [91m  ~~~~~[0m[39m

[31m  [96msrc/socket/Whatsapp.socket.ts[0m:[93m4[0m:[93m3[0m[39m
[31m    [7m4[0m   getIO,[39m
[31m    [7m [0m [96m  ~~~~~[0m[39m
[31m    'getIO' is declared here.[39m
[31m[96msrc/services/customerService.ts[0m:[93m82[0m:[93m26[0m - [91merror[0m[90m TS7006: [0mParameter 'socket' implicitly has an 'any' type.[39m

[31m[7m82[0m     io.on('connection', (socket) => {[39m
[31m[7m  [0m [91m                         ~~~~~~[0m[39m
[31m[96msrc/services/customerService.ts[0m:[93m83[0m:[93m57[0m - [91merror[0m[90m TS7006: [0mParameter 'data' implicitly has an 'any' type.[39m

[31m[7m83[0m       socket.on('request-initial-customer-list', async (data) => {[39m
[31m[7m  [0m [91m                                                        ~~~~[0m[39m
[31m[96msrc/services/customerService.ts[0m:[93m92[0m:[93m57[0m - [91merror[0m[90m TS7006: [0mParameter 'data' implicitly has an 'any' type.[39m

[31m[7m92[0m       socket.on('request-customer-list-refresh', async (data) => {[39m
[31m[7m  [0m [91m                                                        ~~~~[0m[39m

[31mTSError: тип Unable to compile TypeScript:[39m
[31m[96msrc/services/customerService.ts[0m:[93m8[0m:[93m3[0m - [91merror[0m[90m TS2459: [0mModule '"../socket/Whatsapp.socket"' declares 'getIO' locally, but it is not exported.[39m

[31m[7m8[0m   getIO[39m
[31m[7m [0m [91m  ~~~~~[0m[39m

[31m  [96msrc/socket/Whatsapp.socket.ts[0m:[93m4[0m:[93m3[0m[39m
[31m    [7m4[0m   getIO,[39m
[31m    [7m [0m [96m  ~~~~~[0m[39m
[31m    'getIO' is declared here.[39m
[31m[96msrc/services/customerService.ts[0m:[93m82[0m:[93m26[0m - [91merror[0m[90m TS7006: [0mParameter 'socket' implicitly has an 'any' type.[39m

[31m[7m82[0m     io.on('connection', (socket) => {[39m
[31m[7m  [0m [91m                         ~~~~~~[0m[39m
[31m[96msrc/services/customerService.ts[0m:[93m83[0m:[93m57[0m - [91merror[0m[90m TS7006: [0mParameter 'data' implicitly has an 'any' type.[39m

[31m[7m83[0m       socket.on('request-initial-customer-list', async (data) => {[39m
[31m[7m  [0m [91m                                                        ~~~~[0m[39m
[31m[96msrc/services/customerService.ts[0m:[93m92[0m:[93m57[0m - [91merror[0m[90m TS7006: [0mParameter 'data' implicitly has an 'any' type.[39m

[31m[7m92[0m       socket.on('request-customer-list-refresh', async (data) => {[39m
[31m[7m  [0m [91m                                                        ~~~~[0m[39m

[31m    at createTSError (D:\Logistics\Logistics\backend\node_modules\ts-node\src\index.ts:859:12)[39m
[31m    at reportTSError (D:\Logistics\Logistics\backend\node_modules\ts-node\src\index.ts:863:19)[39m
[31m    at getOutput (D:\Logistics\Logistics\backend\node_modules\ts-node\src\index.ts:1077:36)[39m
[31m    at Object.compile (D:\Logistics\Logistics\backend\node_modules\ts-node\src\index.ts:1433:41)[39m
[31m    at Module.m._compile (D:\Logistics\Logistics\backend\node_modules\ts-node\src\index.ts:1617:30)[39m
[31m    at node:internal/modules/cjs/loader:1706:10[39m
[31m    at Object.require.extensions.<computed> [as .ts] (D:\Logistics\Logistics\backend\node_modules\ts-node\src\index.ts:1621:12)[39m
[31m    at Module.load (node:internal/modules/cjs/loader:1289:32)[39m
[31m    at Function._load (node:internal/modules/cjs/loader:1108:12)[39m
[31m    at TracingChannel.traceSync (node:diagnostics_channel:322:14)[39m
2025-10-25 14:04:39 [[31MERROR[39M]: [31muncaughtException: тип Unable to compile TypeScript:[39m
[31m[96msrc/services/messageService.ts[0m:[93m3[0m:[93m3[0m - [91merror[0m[90m TS2305: [0mModule '"../config/socket"' has no exported member 'emitMessageToOrder'.[39m

[31m[7m3[0m   emitMessageToOrder,[39m
[31m[7m [0m [91m  ~~~~~~~~~~~~~~~~~~[0m[39m
[31m[96msrc/services/messageService.ts[0m:[93m4[0m:[93m3[0m - [91merror[0m[90m TS2305: [0mModule '"../config/socket"' has no exported member 'emitMessageUpdate'.[39m

[31m[7m4[0m   emitMessageUpdate,[39m
[31m[7m [0m [91m  ~~~~~~~~~~~~~~~~~[0m[39m
[31m[96msrc/services/messageService.ts[0m:[93m5[0m:[93m3[0m - [91merror[0m[90m TS2305: [0mModule '"../config/socket"' has no exported member 'emitMessageStatusUpdate'.[39m

[31m[7m5[0m   emitMessageStatusUpdate,[39m
[31m[7m [0m [91m  ~~~~~~~~~~~~~~~~~~~~~~~[0m[39m
[31m[96msrc/services/messageService.ts[0m:[93m6[0m:[93m3[0m - [91merror[0m[90m TS2305: [0mModule '"../config/socket"' has no exported member 'broadcastGlobalMessageStatus'.[39m

[31m[7m6[0m   broadcastGlobalMessageStatus,[39m
[31m[7m [0m [91m  ~~~~~~~~~~~~~~~~~~~~~~~~~~~~[0m[39m
[31m[96msrc/services/messageService.ts[0m:[93m7[0m:[93m3[0m - [91merror[0m[90m TS2305: [0mModule '"../config/socket"' has no exported member 'updateGlobalUnreadCount'.[39m

[31m[7m7[0m   updateGlobalUnreadCount,[39m
[31m[7m [0m [91m  ~~~~~~~~~~~~~~~~~~~~~~~[0m[39m

[31mTSError: тип Unable to compile TypeScript:[39m
[31m[96msrc/services/messageService.ts[0m:[93m3[0m:[93m3[0m - [91merror[0m[90m TS2305: [0mModule '"../config/socket"' has no exported member 'emitMessageToOrder'.[39m

[31m[7m3[0m   emitMessageToOrder,[39m
[31m[7m [0m [91m  ~~~~~~~~~~~~~~~~~~[0m[39m
[31m[96msrc/services/messageService.ts[0m:[93m4[0m:[93m3[0m - [91merror[0m[90m TS2305: [0mModule '"../config/socket"' has no exported member 'emitMessageUpdate'.[39m

[31m[7m4[0m   emitMessageUpdate,[39m
[31m[7m [0m [91m  ~~~~~~~~~~~~~~~~~[0m[39m
[31m[96msrc/services/messageService.ts[0m:[93m5[0m:[93m3[0m - [91merror[0m[90m TS2305: [0mModule '"../config/socket"' has no exported member 'emitMessageStatusUpdate'.[39m

[31m[7m5[0m   emitMessageStatusUpdate,[39m
[31m[7m [0m [91m  ~~~~~~~~~~~~~~~~~~~~~~~[0m[39m
[31m[96msrc/services/messageService.ts[0m:[93m6[0m:[93m3[0m - [91merror[0m[90m TS2305: [0mModule '"../config/socket"' has no exported member 'broadcastGlobalMessageStatus'.[39m

[31m[7m6[0m   broadcastGlobalMessageStatus,[39m
[31m[7m [0m [91m  ~~~~~~~~~~~~~~~~~~~~~~~~~~~~[0m[39m
[31m[96msrc/services/messageService.ts[0m:[93m7[0m:[93m3[0m - [91merror[0m[90m TS2305: [0mModule '"../config/socket"' has no exported member 'updateGlobalUnreadCount'.[39m

[31m[7m7[0m   updateGlobalUnreadCount,[39m
[31m[7m [0m [91m  ~~~~~~~~~~~~~~~~~~~~~~~[0m[39m

[31m    at createTSError (D:\Logistics\Logistics\backend\node_modules\ts-node\src\index.ts:859:12)[39m
[31m    at reportTSError (D:\Logistics\Logistics\backend\node_modules\ts-node\src\index.ts:863:19)[39m
[31m    at getOutput (D:\Logistics\Logistics\backend\node_modules\ts-node\src\index.ts:1077:36)[39m
[31m    at Object.compile (D:\Logistics\Logistics\backend\node_modules\ts-node\src\index.ts:1433:41)[39m
[31m    at Module.m._compile (D:\Logistics\Logistics\backend\node_modules\ts-node\src\index.ts:1617:30)[39m
[31m    at node:internal/modules/cjs/loader:1706:10[39m
[31m    at Object.require.extensions.<computed> [as .ts] (D:\Logistics\Logistics\backend\node_modules\ts-node\src\index.ts:1621:12)[39m
[31m    at Module.load (node:internal/modules/cjs/loader:1289:32)[39m
[31m    at Function._load (node:internal/modules/cjs/loader:1108:12)[39m
[31m    at TracingChannel.traceSync (node:diagnostics_channel:322:14)[39m
2025-10-25 14:04:55 [[31MERROR[39M]: [31muncaughtException: тип Unable to compile TypeScript:[39m
[31m[96msrc/services/messageService.ts[0m:[93m3[0m:[93m3[0m - [91merror[0m[90m TS2305: [0mModule '"../config/socket"' has no exported member 'emitMessageToOrder'.[39m

[31m[7m3[0m   emitMessageToOrder,[39m
[31m[7m [0m [91m  ~~~~~~~~~~~~~~~~~~[0m[39m
[31m[96msrc/services/messageService.ts[0m:[93m4[0m:[93m3[0m - [91merror[0m[90m TS2305: [0mModule '"../config/socket"' has no exported member 'emitMessageUpdate'.[39m

[31m[7m4[0m   emitMessageUpdate,[39m
[31m[7m [0m [91m  ~~~~~~~~~~~~~~~~~[0m[39m
[31m[96msrc/services/messageService.ts[0m:[93m5[0m:[93m3[0m - [91merror[0m[90m TS2305: [0mModule '"../config/socket"' has no exported member 'emitMessageStatusUpdate'.[39m

[31m[7m5[0m   emitMessageStatusUpdate,[39m
[31m[7m [0m [91m  ~~~~~~~~~~~~~~~~~~~~~~~[0m[39m
[31m[96msrc/services/messageService.ts[0m:[93m6[0m:[93m3[0m - [91merror[0m[90m TS2305: [0mModule '"../config/socket"' has no exported member 'broadcastGlobalMessageStatus'.[39m

[31m[7m6[0m   broadcastGlobalMessageStatus,[39m
[31m[7m [0m [91m  ~~~~~~~~~~~~~~~~~~~~~~~~~~~~[0m[39m
[31m[96msrc/services/messageService.ts[0m:[93m7[0m:[93m3[0m - [91merror[0m[90m TS2305: [0mModule '"../config/socket"' has no exported member 'updateGlobalUnreadCount'.[39m

[31m[7m7[0m   updateGlobalUnreadCount,[39m
[31m[7m [0m [91m  ~~~~~~~~~~~~~~~~~~~~~~~[0m[39m

[31mTSError: тип Unable to compile TypeScript:[39m
[31m[96msrc/services/messageService.ts[0m:[93m3[0m:[93m3[0m - [91merror[0m[90m TS2305: [0mModule '"../config/socket"' has no exported member 'emitMessageToOrder'.[39m

[31m[7m3[0m   emitMessageToOrder,[39m
[31m[7m [0m [91m  ~~~~~~~~~~~~~~~~~~[0m[39m
[31m[96msrc/services/messageService.ts[0m:[93m4[0m:[93m3[0m - [91merror[0m[90m TS2305: [0mModule '"../config/socket"' has no exported member 'emitMessageUpdate'.[39m

[31m[7m4[0m   emitMessageUpdate,[39m
[31m[7m [0m [91m  ~~~~~~~~~~~~~~~~~[0m[39m
[31m[96msrc/services/messageService.ts[0m:[93m5[0m:[93m3[0m - [91merror[0m[90m TS2305: [0mModule '"../config/socket"' has no exported member 'emitMessageStatusUpdate'.[39m

[31m[7m5[0m   emitMessageStatusUpdate,[39m
[31m[7m [0m [91m  ~~~~~~~~~~~~~~~~~~~~~~~[0m[39m
[31m[96msrc/services/messageService.ts[0m:[93m6[0m:[93m3[0m - [91merror[0m[90m TS2305: [0mModule '"../config/socket"' has no exported member 'broadcastGlobalMessageStatus'.[39m

[31m[7m6[0m   broadcastGlobalMessageStatus,[39m
[31m[7m [0m [91m  ~~~~~~~~~~~~~~~~~~~~~~~~~~~~[0m[39m
[31m[96msrc/services/messageService.ts[0m:[93m7[0m:[93m3[0m - [91merror[0m[90m TS2305: [0mModule '"../config/socket"' has no exported member 'updateGlobalUnreadCount'.[39m

[31m[7m7[0m   updateGlobalUnreadCount,[39m
[31m[7m [0m [91m  ~~~~~~~~~~~~~~~~~~~~~~~[0m[39m

[31m    at createTSError (D:\Logistics\Logistics\backend\node_modules\ts-node\src\index.ts:859:12)[39m
[31m    at reportTSError (D:\Logistics\Logistics\backend\node_modules\ts-node\src\index.ts:863:19)[39m
[31m    at getOutput (D:\Logistics\Logistics\backend\node_modules\ts-node\src\index.ts:1077:36)[39m
[31m    at Object.compile (D:\Logistics\Logistics\backend\node_modules\ts-node\src\index.ts:1433:41)[39m
[31m    at Module.m._compile (D:\Logistics\Logistics\backend\node_modules\ts-node\src\index.ts:1617:30)[39m
[31m    at node:internal/modules/cjs/loader:1706:10[39m
[31m    at Object.require.extensions.<computed> [as .ts] (D:\Logistics\Logistics\backend\node_modules\ts-node\src\index.ts:1621:12)[39m
[31m    at Module.load (node:internal/modules/cjs/loader:1289:32)[39m
[31m    at Function._load (node:internal/modules/cjs/loader:1108:12)[39m
[31m    at TracingChannel.traceSync (node:diagnostics_channel:322:14)[39m
2025-10-25 14:05:39 [[31MERROR[39M]: [31muncaughtException: тип Unable to compile TypeScript:[39m
[31m[96msrc/services/messageService.ts[0m:[93m3[0m:[93m3[0m - [91merror[0m[90m TS2305: [0mModule '"../config/socket"' has no exported member 'emitMessageToOrder'.[39m

[31m[7m3[0m   emitMessageToOrder,[39m
[31m[7m [0m [91m  ~~~~~~~~~~~~~~~~~~[0m[39m
[31m[96msrc/services/messageService.ts[0m:[93m4[0m:[93m3[0m - [91merror[0m[90m TS2305: [0mModule '"../config/socket"' has no exported member 'emitMessageUpdate'.[39m

[31m[7m4[0m   emitMessageUpdate,[39m
[31m[7m [0m [91m  ~~~~~~~~~~~~~~~~~[0m[39m
[31m[96msrc/services/messageService.ts[0m:[93m5[0m:[93m3[0m - [91merror[0m[90m TS2305: [0mModule '"../config/socket"' has no exported member 'emitMessageStatusUpdate'.[39m

[31m[7m5[0m   emitMessageStatusUpdate,[39m
[31m[7m [0m [91m  ~~~~~~~~~~~~~~~~~~~~~~~[0m[39m
[31m[96msrc/services/messageService.ts[0m:[93m6[0m:[93m3[0m - [91merror[0m[90m TS2305: [0mModule '"../config/socket"' has no exported member 'broadcastGlobalMessageStatus'.[39m

[31m[7m6[0m   broadcastGlobalMessageStatus,[39m
[31m[7m [0m [91m  ~~~~~~~~~~~~~~~~~~~~~~~~~~~~[0m[39m
[31m[96msrc/services/messageService.ts[0m:[93m7[0m:[93m3[0m - [91merror[0m[90m TS2305: [0mModule '"../config/socket"' has no exported member 'updateGlobalUnreadCount'.[39m

[31m[7m7[0m   updateGlobalUnreadCount,[39m
[31m[7m [0m [91m  ~~~~~~~~~~~~~~~~~~~~~~~[0m[39m

[31mTSError: тип Unable to compile TypeScript:[39m
[31m[96msrc/services/messageService.ts[0m:[93m3[0m:[93m3[0m - [91merror[0m[90m TS2305: [0mModule '"../config/socket"' has no exported member 'emitMessageToOrder'.[39m

[31m[7m3[0m   emitMessageToOrder,[39m
[31m[7m [0m [91m  ~~~~~~~~~~~~~~~~~~[0m[39m
[31m[96msrc/services/messageService.ts[0m:[93m4[0m:[93m3[0m - [91merror[0m[90m TS2305: [0mModule '"../config/socket"' has no exported member 'emitMessageUpdate'.[39m

[31m[7m4[0m   emitMessageUpdate,[39m
[31m[7m [0m [91m  ~~~~~~~~~~~~~~~~~[0m[39m
[31m[96msrc/services/messageService.ts[0m:[93m5[0m:[93m3[0m - [91merror[0m[90m TS2305: [0mModule '"../config/socket"' has no exported member 'emitMessageStatusUpdate'.[39m

[31m[7m5[0m   emitMessageStatusUpdate,[39m
[31m[7m [0m [91m  ~~~~~~~~~~~~~~~~~~~~~~~[0m[39m
[31m[96msrc/services/messageService.ts[0m:[93m6[0m:[93m3[0m - [91merror[0m[90m TS2305: [0mModule '"../config/socket"' has no exported member 'broadcastGlobalMessageStatus'.[39m

[31m[7m6[0m   broadcastGlobalMessageStatus,[39m
[31m[7m [0m [91m  ~~~~~~~~~~~~~~~~~~~~~~~~~~~~[0m[39m
[31m[96msrc/services/messageService.ts[0m:[93m7[0m:[93m3[0m - [91merror[0m[90m TS2305: [0mModule '"../config/socket"' has no exported member 'updateGlobalUnreadCount'.[39m

[31m[7m7[0m   updateGlobalUnreadCount,[39m
[31m[7m [0m [91m  ~~~~~~~~~~~~~~~~~~~~~~~[0m[39m

[31m    at createTSError (D:\Logistics\Logistics\backend\node_modules\ts-node\src\index.ts:859:12)[39m
[31m    at reportTSError (D:\Logistics\Logistics\backend\node_modules\ts-node\src\index.ts:863:19)[39m
[31m    at getOutput (D:\Logistics\Logistics\backend\node_modules\ts-node\src\index.ts:1077:36)[39m
[31m    at Object.compile (D:\Logistics\Logistics\backend\node_modules\ts-node\src\index.ts:1433:41)[39m
[31m    at Module.m._compile (D:\Logistics\Logistics\backend\node_modules\ts-node\src\index.ts:1617:30)[39m
[31m    at node:internal/modules/cjs/loader:1706:10[39m
[31m    at Object.require.extensions.<computed> [as .ts] (D:\Logistics\Logistics\backend\node_modules\ts-node\src\index.ts:1621:12)[39m
[31m    at Module.load (node:internal/modules/cjs/loader:1289:32)[39m
[31m    at Function._load (node:internal/modules/cjs/loader:1108:12)[39m
[31m    at TracingChannel.traceSync (node:diagnostics_channel:322:14)[39m
2025-10-25 14:06:36 [[31MERROR[39M]: [31muncaughtException: тип Unable to compile TypeScript:[39m
[31m[96msrc/controller/AdminDriverApi/shopwareOrderController.ts[0m:[93m3[0m:[93m10[0m - [91merror[0m[90m TS2305: [0mModule '"../../config/socket"' has no exported member 'emitNewOrder'.[39m

[31m[7m3[0m import { emitNewOrder } from "../../config/socket";[39m
[31m[7m [0m [91m         ~~~~~~~~~~~~[0m[39m

[31mTSError: тип Unable to compile TypeScript:[39m
[31m[96msrc/controller/AdminDriverApi/shopwareOrderController.ts[0m:[93m3[0m:[93m10[0m - [91merror[0m[90m TS2305: [0mModule '"../../config/socket"' has no exported member 'emitNewOrder'.[39m

[31m[7m3[0m import { emitNewOrder } from "../../config/socket";[39m
[31m[7m [0m [91m         ~~~~~~~~~~~~[0m[39m

[31m    at createTSError (D:\Logistics\Logistics\backend\node_modules\ts-node\src\index.ts:859:12)[39m
[31m    at reportTSError (D:\Logistics\Logistics\backend\node_modules\ts-node\src\index.ts:863:19)[39m
[31m    at getOutput (D:\Logistics\Logistics\backend\node_modules\ts-node\src\index.ts:1077:36)[39m
[31m    at Object.compile (D:\Logistics\Logistics\backend\node_modules\ts-node\src\index.ts:1433:41)[39m
[31m    at Module.m._compile (D:\Logistics\Logistics\backend\node_modules\ts-node\src\index.ts:1617:30)[39m
[31m    at node:internal/modules/cjs/loader:1706:10[39m
[31m    at Object.require.extensions.<computed> [as .ts] (D:\Logistics\Logistics\backend\node_modules\ts-node\src\index.ts:1621:12)[39m
[31m    at Module.load (node:internal/modules/cjs/loader:1289:32)[39m
[31m    at Function._load (node:internal/modules/cjs/loader:1108:12)[39m
[31m    at TracingChannel.traceSync (node:diagnostics_channel:322:14)[39m
2025-10-25 14:07:30 [[32MINFO[39M]: [32mServer is running on port 8080[39m
2025-10-25 14:07:30 [[32MINFO[39M]: [32mRunning initial database setup...[39m
2025-10-25 14:07:30 [[32MINFO[39M]: [32mDatabase setup completed.[39m
2025-10-28 14:22:11 [[32MINFO[39M]: [32mServer is running on port 8080[39m
2025-10-28 14:22:11 [[32MINFO[39M]: [32mRunning initial database setup...[39m
2025-10-28 14:22:11 [[32MINFO[39M]: [32mDatabase setup completed.[39m
2025-10-29 11:20:21 [[32MINFO[39M]: [32mServer is running on port 8080[39m
2025-10-29 11:20:21 [[32MINFO[39M]: [32mRunning initial database setup...[39m
2025-10-29 11:20:22 [[32MINFO[39M]: [32mDatabase setup completed.[39m
2025-10-29 14:02:57 [[32MINFO[39M]: [32mServer is running on port 8080[39m
2025-10-29 14:02:57 [[32MINFO[39M]: [32mRunning initial database setup...[39m
2025-10-29 14:02:57 [[32MINFO[39M]: [32mDatabase setup completed.[39m
2025-10-29 14:05:21 [[32MINFO[39M]: [32mServer is running on port 8080[39m
2025-10-29 14:05:21 [[32MINFO[39M]: [32mRunning initial database setup...[39m
2025-10-29 14:05:21 [[32MINFO[39M]: [32mDatabase setup completed.[39m
2025-10-29 14:05:56 [[32MINFO[39M]: [32mServer is running on port 8080[39m
2025-10-29 14:05:56 [[32MINFO[39M]: [32mRunning initial database setup...[39m
2025-10-29 14:05:56 [[32MINFO[39M]: [32mDatabase setup completed.[39m
2025-10-29 14:06:09 [[32MINFO[39M]: [32mServer is running on port 8080[39m
2025-10-29 14:06:09 [[32MINFO[39M]: [32mRunning initial database setup...[39m
2025-10-29 14:06:09 [[32MINFO[39M]: [32mDatabase setup completed.[39m
2025-10-29 14:07:45 [[32MINFO[39M]: [32mServer is running on port 8080[39m
2025-10-29 14:07:45 [[32MINFO[39M]: [32mRunning initial database setup...[39m
2025-10-29 14:07:45 [[32MINFO[39M]: [32mDatabase setup completed.[39m
2025-10-29 14:14:15 [[32MINFO[39M]: [32mServer is running on port 8080[39m
2025-10-29 14:14:15 [[32MINFO[39M]: [32mRunning initial database setup...[39m
2025-10-29 14:14:15 [[32MINFO[39M]: [32mDatabase setup completed.[39m
2025-10-29 14:16:19 [[32MINFO[39M]: [32mServer is running on port 8080[39m
2025-10-29 14:16:19 [[32MINFO[39M]: [32mRunning initial database setup...[39m
2025-10-29 14:16:19 [[32MINFO[39M]: [32mDatabase setup completed.[39m
2025-10-29 14:16:42 [[32MINFO[39M]: [32mServer is running on port 8080[39m
2025-10-29 14:16:42 [[32MINFO[39M]: [32mRunning initial database setup...[39m
2025-10-29 14:16:43 [[32MINFO[39M]: [32mDatabase setup completed.[39m
2025-10-29 14:22:38 [[32MINFO[39M]: [32mServer is running on port 8080[39m
2025-10-29 14:22:38 [[32MINFO[39M]: [32mRunning initial database setup...[39m
2025-10-29 14:22:38 [[32MINFO[39M]: [32mDatabase setup completed.[39m
2025-10-29 14:23:02 [[32MINFO[39M]: [32mServer is running on port 8080[39m
2025-10-29 14:23:02 [[32MINFO[39M]: [32mRunning initial database setup...[39m
2025-10-29 14:23:02 [[32MINFO[39M]: [32mDatabase setup completed.[39m
2025-10-29 14:26:31 [[32MINFO[39M]: [32mServer is running on port 8080[39m
2025-10-29 14:26:31 [[32MINFO[39M]: [32mRunning initial database setup...[39m
2025-10-29 14:26:31 [[32MINFO[39M]: [32mDatabase setup completed.[39m
2025-10-29 14:28:43 [[32MINFO[39M]: [32mServer is running on port 8080[39m
2025-10-29 14:28:43 [[32MINFO[39M]: [32mRunning initial database setup...[39m
2025-10-29 14:28:43 [[32MINFO[39M]: [32mDatabase setup completed.[39m
2025-10-29 14:32:24 [[32MINFO[39M]: [32mServer is running on port 8080[39m
2025-10-29 14:32:24 [[32MINFO[39M]: [32mRunning initial database setup...[39m
2025-10-29 14:32:24 [[32MINFO[39M]: [32mDatabase setup completed.[39m
2025-10-29 14:32:34 [[32MINFO[39M]: [32mServer is running on port 8080[39m
2025-10-29 14:32:34 [[32MINFO[39M]: [32mRunning initial database setup...[39m
2025-10-29 14:32:35 [[32MINFO[39M]: [32mDatabase setup completed.[39m
2025-10-29 14:37:53 [[32MINFO[39M]: [32mServer is running on port 8080[39m
2025-10-29 14:37:53 [[32MINFO[39M]: [32mRunning initial database setup...[39m
2025-10-29 14:37:53 [[32MINFO[39M]: [32mDatabase setup completed.[39m
2025-10-29 14:38:02 [[32MINFO[39M]: [32mServer is running on port 8080[39m
2025-10-29 14:38:02 [[32MINFO[39M]: [32mRunning initial database setup...[39m
2025-10-29 14:38:02 [[32MINFO[39M]: [32mDatabase setup completed.[39m
2025-10-29 14:42:01 [[31MERROR[39M]: [31muncaughtException: тип Unable to compile TypeScript:[39m
[31m[96msrc/controller/Admin_Api/orderDetails.controller.ts[0m:[93m2[0m:[93m10[0m - [91merror[0m[90m TS2305: [0mModule '"../../services/orderDetails.service"' has no exported member 'fetchOrderItems'.[39m

[31m[7m2[0m import { fetchOrderItems } from "../../services/orderDetails.service";[39m
[31m[7m [0m [91m         ~~~~~~~~~~~~~~~[0m[39m

[31mTSError: тип Unable to compile TypeScript:[39m
[31m[96msrc/controller/Admin_Api/orderDetails.controller.ts[0m:[93m2[0m:[93m10[0m - [91merror[0m[90m TS2305: [0mModule '"../../services/orderDetails.service"' has no exported member 'fetchOrderItems'.[39m

[31m[7m2[0m import { fetchOrderItems } from "../../services/orderDetails.service";[39m
[31m[7m [0m [91m         ~~~~~~~~~~~~~~~[0m[39m

[31m    at createTSError (D:\Logistics\Logistics\backend\node_modules\ts-node\src\index.ts:859:12)[39m
[31m    at reportTSError (D:\Logistics\Logistics\backend\node_modules\ts-node\src\index.ts:863:19)[39m
[31m    at getOutput (D:\Logistics\Logistics\backend\node_modules\ts-node\src\index.ts:1077:36)[39m
[31m    at Object.compile (D:\Logistics\Logistics\backend\node_modules\ts-node\src\index.ts:1433:41)[39m
[31m    at Module.m._compile (D:\Logistics\Logistics\backend\node_modules\ts-node\src\index.ts:1617:30)[39m
[31m    at node:internal/modules/cjs/loader:1706:10[39m
[31m    at Object.require.extensions.<computed> [as .ts] (D:\Logistics\Logistics\backend\node_modules\ts-node\src\index.ts:1621:12)[39m
[31m    at Module.load (node:internal/modules/cjs/loader:1289:32)[39m
[31m    at Function._load (node:internal/modules/cjs/loader:1108:12)[39m
[31m    at TracingChannel.traceSync (node:diagnostics_channel:322:14)[39m
2025-10-29 14:42:08 [[32MINFO[39M]: [32mServer is running on port 8080[39m
2025-10-29 14:42:08 [[32MINFO[39M]: [32mRunning initial database setup...[39m
2025-10-29 14:42:08 [[32MINFO[39M]: [32mDatabase setup completed.[39m
2025-10-29 14:45:51 [[32MINFO[39M]: [32mServer is running on port 8080[39m
2025-10-29 14:45:51 [[32MINFO[39M]: [32mRunning initial database setup...[39m
2025-10-29 14:45:51 [[32MINFO[39M]: [32mDatabase setup completed.[39m
2025-10-29 14:46:02 [[32MINFO[39M]: [32mServer is running on port 8080[39m
2025-10-29 14:46:02 [[32MINFO[39M]: [32mRunning initial database setup...[39m
2025-10-29 14:46:02 [[32MINFO[39M]: [32mDatabase setup completed.[39m
2025-10-29 14:48:23 [[32MINFO[39M]: [32mServer is running on port 8080[39m
2025-10-29 14:48:23 [[32MINFO[39M]: [32mRunning initial database setup...[39m
2025-10-29 14:48:23 [[32MINFO[39M]: [32mDatabase setup completed.[39m
2025-10-29 14:49:10 [[32MINFO[39M]: [32mServer is running on port 8080[39m
2025-10-29 14:49:10 [[32MINFO[39M]: [32mRunning initial database setup...[39m
2025-10-29 14:49:10 [[32MINFO[39M]: [32mDatabase setup completed.[39m
2025-10-29 16:36:44 [[32MINFO[39M]: [32mServer is running on port 8080[39m
2025-10-29 16:36:44 [[32MINFO[39M]: [32mRunning initial database setup...[39m
2025-10-29 16:36:44 [[32MINFO[39M]: [32mDatabase setup completed.[39m
2025-10-29 16:41:44 [[32MINFO[39M]: [32mServer is running on port 8080[39m
2025-10-29 16:41:44 [[32MINFO[39M]: [32mRunning initial database setup...[39m
2025-10-29 16:41:44 [[32MINFO[39M]: [32mDatabase setup completed.[39m
2025-10-29 17:11:10 [[32MINFO[39M]: [32mServer is running on port 8080[39m
2025-10-29 17:11:10 [[32MINFO[39M]: [32mRunning initial database setup...[39m
2025-10-29 17:11:10 [[32MINFO[39M]: [32mDatabase setup completed.[39m
2025-10-29 17:13:04 [[32MINFO[39M]: [32mServer is running on port 8080[39m
2025-10-29 17:13:04 [[32MINFO[39M]: [32mRunning initial database setup...[39m
2025-10-29 17:13:04 [[32MINFO[39M]: [32mDatabase setup completed.[39m
2025-10-29 17:13:33 [[32MINFO[39M]: [32mServer is running on port 8080[39m
2025-10-29 17:13:33 [[32MINFO[39M]: [32mRunning initial database setup...[39m
2025-10-29 17:13:33 [[32MINFO[39M]: [32mDatabase setup completed.[39m
2025-10-29 17:15:34 [[32MINFO[39M]: [32mServer is running on port 8080[39m
2025-10-29 17:15:34 [[32MINFO[39M]: [32mRunning initial database setup...[39m
2025-10-29 17:15:34 [[32MINFO[39M]: [32mDatabase setup completed.[39m
2025-10-29 17:17:36 [[32MINFO[39M]: [32mServer is running on port 8080[39m
2025-10-29 17:17:36 [[32MINFO[39M]: [32mRunning initial database setup...[39m
2025-10-29 17:17:37 [[32MINFO[39M]: [32mDatabase setup completed.[39m
2025-10-29 17:22:37 [[32MINFO[39M]: [32mServer is running on port 8080[39m
2025-10-29 17:22:37 [[32MINFO[39M]: [32mRunning initial database setup...[39m
2025-10-29 17:22:37 [[32MINFO[39M]: [32mDatabase setup completed.[39m
2025-10-29 17:36:43 [[31MERROR[39M]: [31muncaughtException: тип Unable to compile TypeScript:[39m
[31m[96msrc/controller/Admin_Api/ReturnDetails.controller.ts[0m:[93m2[0m:[93m37[0m - [91merror[0m[90m TS2307: [0mCannot find module '../../services/returnDetails.service' or its corresponding type declarations.[39m

[31m[7m2[0m import { insertReturnDetails } from "../../services/returnDetails.service";[39m
[31m[7m [0m [91m                                    ~~~~~~~~~~~~~~~~~~~~~~~~~~~~~~~~~~~~~~[0m[39m

[31mTSError: тип Unable to compile TypeScript:[39m
[31m[96msrc/controller/Admin_Api/ReturnDetails.controller.ts[0m:[93m2[0m:[93m37[0m - [91merror[0m[90m TS2307: [0mCannot find module '../../services/returnDetails.service' or its corresponding type declarations.[39m

[31m[7m2[0m import { insertReturnDetails } from "../../services/returnDetails.service";[39m
[31m[7m [0m [91m                                    ~~~~~~~~~~~~~~~~~~~~~~~~~~~~~~~~~~~~~~[0m[39m

[31m    at createTSError (D:\Logistics\Logistics\backend\node_modules\ts-node\src\index.ts:859:12)[39m
[31m    at reportTSError (D:\Logistics\Logistics\backend\node_modules\ts-node\src\index.ts:863:19)[39m
[31m    at getOutput (D:\Logistics\Logistics\backend\node_modules\ts-node\src\index.ts:1077:36)[39m
[31m    at Object.compile (D:\Logistics\Logistics\backend\node_modules\ts-node\src\index.ts:1433:41)[39m
[31m    at Module.m._compile (D:\Logistics\Logistics\backend\node_modules\ts-node\src\index.ts:1617:30)[39m
[31m    at node:internal/modules/cjs/loader:1706:10[39m
[31m    at Object.require.extensions.<computed> [as .ts] (D:\Logistics\Logistics\backend\node_modules\ts-node\src\index.ts:1621:12)[39m
[31m    at Module.load (node:internal/modules/cjs/loader:1289:32)[39m
[31m    at Function._load (node:internal/modules/cjs/loader:1108:12)[39m
[31m    at TracingChannel.traceSync (node:diagnostics_channel:322:14)[39m
2025-10-29 17:38:25 [[31MERROR[39M]: [31muncaughtException: тип Unable to compile TypeScript:[39m
[31m[96msrc/controller/Admin_Api/ReturnDetails.controller.ts[0m:[93m2[0m:[93m37[0m - [91merror[0m[90m TS2306: [0mFile 'D:/Logistics/Logistics/backend/src/services/returnDetails.service.ts' is not a module.[39m

[31m[7m2[0m import { insertReturnDetails } from "../../services/returnDetails.service";[39m
[31m[7m [0m [91m                                    ~~~~~~~~~~~~~~~~~~~~~~~~~~~~~~~~~~~~~~[0m[39m

[31mTSError: тип Unable to compile TypeScript:[39m
[31m[96msrc/controller/Admin_Api/ReturnDetails.controller.ts[0m:[93m2[0m:[93m37[0m - [91merror[0m[90m TS2306: [0mFile 'D:/Logistics/Logistics/backend/src/services/returnDetails.service.ts' is not a module.[39m

[31m[7m2[0m import { insertReturnDetails } from "../../services/returnDetails.service";[39m
[31m[7m [0m [91m                                    ~~~~~~~~~~~~~~~~~~~~~~~~~~~~~~~~~~~~~~[0m[39m

[31m    at createTSError (D:\Logistics\Logistics\backend\node_modules\ts-node\src\index.ts:859:12)[39m
[31m    at reportTSError (D:\Logistics\Logistics\backend\node_modules\ts-node\src\index.ts:863:19)[39m
[31m    at getOutput (D:\Logistics\Logistics\backend\node_modules\ts-node\src\index.ts:1077:36)[39m
[31m    at Object.compile (D:\Logistics\Logistics\backend\node_modules\ts-node\src\index.ts:1433:41)[39m
[31m    at Module.m._compile (D:\Logistics\Logistics\backend\node_modules\ts-node\src\index.ts:1617:30)[39m
[31m    at node:internal/modules/cjs/loader:1706:10[39m
[31m    at Object.require.extensions.<computed> [as .ts] (D:\Logistics\Logistics\backend\node_modules\ts-node\src\index.ts:1621:12)[39m
[31m    at Module.load (node:internal/modules/cjs/loader:1289:32)[39m
[31m    at Function._load (node:internal/modules/cjs/loader:1108:12)[39m
[31m    at TracingChannel.traceSync (node:diagnostics_channel:322:14)[39m
2025-10-29 17:38:44 [[32MINFO[39M]: [32mServer is running on port 8080[39m
2025-10-29 17:38:44 [[32MINFO[39M]: [32mRunning initial database setup...[39m
2025-10-29 17:38:44 [[32MINFO[39M]: [32mDatabase setup completed.[39m
2025-10-29 17:38:59 [[32MINFO[39M]: [32mServer is running on port 8080[39m
2025-10-29 17:38:59 [[32MINFO[39M]: [32mRunning initial database setup...[39m
2025-10-29 17:38:59 [[32MINFO[39M]: [32mDatabase setup completed.[39m
2025-10-29 17:39:11 [[32MINFO[39M]: [32mServer is running on port 8080[39m
2025-10-29 17:39:11 [[32MINFO[39M]: [32mRunning initial database setup...[39m
2025-10-29 17:39:11 [[32MINFO[39M]: [32mDatabase setup completed.[39m
2025-10-29 18:00:04 [[32MINFO[39M]: [32mServer is running on port 8080[39m
2025-10-29 18:00:04 [[32MINFO[39M]: [32mRunning initial database setup...[39m
2025-10-29 18:00:04 [[32MINFO[39M]: [32mDatabase setup completed.[39m
2025-10-29 18:46:28 [[32MINFO[39M]: [32mServer is running on port 8080[39m
2025-10-29 18:46:28 [[32MINFO[39M]: [32mRunning initial database setup...[39m
2025-10-29 18:46:29 [[32MINFO[39M]: [32mDatabase setup completed.[39m
2025-10-30 08:31:05 [[32MINFO[39M]: [32mServer is running on port 8080[39m
2025-10-30 08:31:05 [[32MINFO[39M]: [32mRunning initial database setup...[39m
2025-10-30 08:31:06 [[32MINFO[39M]: [32mDatabase setup completed.[39m
2025-10-30 08:37:43 [[32MINFO[39M]: [32mServer is running on port 8080[39m
2025-10-30 08:37:43 [[32MINFO[39M]: [32mRunning initial database setup...[39m
2025-10-30 08:37:43 [[32MINFO[39M]: [32mDatabase setup completed.[39m
2025-10-31 10:06:25 [[31MERROR[39M]: [31muncaughtException: тип Unable to compile TypeScript:[39m
[31m[96msrc/config/initialDBSetup/returnsSetup.ts[0m:[93m3[0m:[93m10[0m - [91merror[0m[90m TS2724: [0m'"../../services/tableQueries"' has no exported member named 'CREATE_RETURNS_TABLE'. Did you mean 'CREATE_RETURNS_ORDER_TABLE'?[39m

[31m[7m3[0m import { CREATE_RETURNS_TABLE } from "../../services/tableQueries";[39m
[31m[7m [0m [91m         ~~~~~~~~~~~~~~~~~~~~[0m[39m

[31m  [96msrc/services/tableQueries.ts[0m:[93m491[0m:[93m14[0m[39m
[31m    [7m491[0m export const CREATE_RETURNS_ORDER_TABLE = `[39m
[31m    [7m   [0m [96m             ~~~~~~~~~~~~~~~~~~~~~~~~~~[0m[39m
[31m    'CREATE_RETURNS_ORDER_TABLE' is declared here.[39m

[31mTSError: тип Unable to compile TypeScript:[39m
[31m[96msrc/config/initialDBSetup/returnsSetup.ts[0m:[93m3[0m:[93m10[0m - [91merror[0m[90m TS2724: [0m'"../../services/tableQueries"' has no exported member named 'CREATE_RETURNS_TABLE'. Did you mean 'CREATE_RETURNS_ORDER_TABLE'?[39m

[31m[7m3[0m import { CREATE_RETURNS_TABLE } from "../../services/tableQueries";[39m
[31m[7m [0m [91m         ~~~~~~~~~~~~~~~~~~~~[0m[39m

[31m  [96msrc/services/tableQueries.ts[0m:[93m491[0m:[93m14[0m[39m
[31m    [7m491[0m export const CREATE_RETURNS_ORDER_TABLE = `[39m
[31m    [7m   [0m [96m             ~~~~~~~~~~~~~~~~~~~~~~~~~~[0m[39m
[31m    'CREATE_RETURNS_ORDER_TABLE' is declared here.[39m

[31m    at createTSError (D:\Logistics\Logistics\backend\node_modules\ts-node\src\index.ts:859:12)[39m
[31m    at reportTSError (D:\Logistics\Logistics\backend\node_modules\ts-node\src\index.ts:863:19)[39m
[31m    at getOutput (D:\Logistics\Logistics\backend\node_modules\ts-node\src\index.ts:1077:36)[39m
[31m    at Object.compile (D:\Logistics\Logistics\backend\node_modules\ts-node\src\index.ts:1433:41)[39m
[31m    at Module.m._compile (D:\Logistics\Logistics\backend\node_modules\ts-node\src\index.ts:1617:30)[39m
[31m    at node:internal/modules/cjs/loader:1706:10[39m
[31m    at Object.require.extensions.<computed> [as .ts] (D:\Logistics\Logistics\backend\node_modules\ts-node\src\index.ts:1621:12)[39m
[31m    at Module.load (node:internal/modules/cjs/loader:1289:32)[39m
[31m    at Function._load (node:internal/modules/cjs/loader:1108:12)[39m
[31m    at TracingChannel.traceSync (node:diagnostics_channel:322:14)[39m
2025-10-31 10:14:37 [[32MINFO[39M]: [32mServer is running on port 8080[39m
2025-10-31 10:14:37 [[32MINFO[39M]: [32mRunning initial database setup...[39m
2025-10-31 10:14:38 [[31MERROR[39M]: [31muncaughtException: You have an error in your SQL syntax; check the manual that corresponds to your MySQL server version for the right syntax to use near ')' at line 9[39m
[31mError: You have an error in your SQL syntax; check the manual that corresponds to your MySQL server version for the right syntax to use near ')' at line 9[39m
[31m    at PromisePool.query (D:\Logistics\Logistics\backend\node_modules\mysql2\lib\promise\pool.js:36:22)[39m
[31m    at returnsOrderItemsSetup (D:\Logistics\Logistics\backend\src\config\initialDBSetup\returnsOrderItemsSetup.ts:19:16)[39m
[31m    at processTicksAndRejections (node:internal/process/task_queues:105:5)[39m
[31m    at async runInitialDbSetup (D:\Logistics\Logistics\backend\src\services\core\dbSetupService.ts:52:3)[39m
[31m    at async Server.<anonymous> (D:\Logistics\Logistics\backend\src\index.ts:20:7)[39m
2025-10-31 10:18:14 [[32MINFO[39M]: [32mServer is running on port 8080[39m
2025-10-31 10:18:14 [[32MINFO[39M]: [32mRunning initial database setup...[39m
2025-10-31 10:18:14 [[32MINFO[39M]: [32mDatabase setup completed.[39m
2025-10-31 10:56:16 [[32MINFO[39M]: [32mServer is running on port 8080[39m
2025-10-31 10:56:16 [[32MINFO[39M]: [32mRunning initial database setup...[39m
2025-10-31 10:56:16 [[32MINFO[39M]: [32mDatabase setup completed.[39m
2025-10-31 11:05:41 [[32MINFO[39M]: [32mServer is running on port 8080[39m
2025-10-31 11:05:41 [[32MINFO[39M]: [32mRunning initial database setup...[39m
2025-10-31 11:05:41 [[32MINFO[39M]: [32mDatabase setup completed.[39m
2025-10-31 11:30:09 [[31MERROR[39M]: [31muncaughtException: тип Unable to compile TypeScript:[39m
[31m[96msrc/controller/Admin_Api/ReturnDetails.controller.ts[0m:[93m67[0m:[93m29[0m - [91merror[0m[90m TS2339: [0mProperty 'insertedIds' does not exist on type 'InsertReturnResult'.[39m

[31m[7m67[0m         insertedIds: result.insertedIds,[39m
[31m[7m  [0m [91m                            ~~~~~~~~~~~[0m[39m

[31mTSError: тип Unable to compile TypeScript:[39m
[31m[96msrc/controller/Admin_Api/ReturnDetails.controller.ts[0m:[93m67[0m:[93m29[0m - [91merror[0m[90m TS2339: [0mProperty 'insertedIds' does not exist on type 'InsertReturnResult'.[39m

[31m[7m67[0m         insertedIds: result.insertedIds,[39m
[31m[7m  [0m [91m                            ~~~~~~~~~~~[0m[39m

[31m    at createTSError (D:\Logistics\Logistics\backend\node_modules\ts-node\src\index.ts:859:12)[39m
[31m    at reportTSError (D:\Logistics\Logistics\backend\node_modules\ts-node\src\index.ts:863:19)[39m
[31m    at getOutput (D:\Logistics\Logistics\backend\node_modules\ts-node\src\index.ts:1077:36)[39m
[31m    at Object.compile (D:\Logistics\Logistics\backend\node_modules\ts-node\src\index.ts:1433:41)[39m
[31m    at Module.m._compile (D:\Logistics\Logistics\backend\node_modules\ts-node\src\index.ts:1617:30)[39m
[31m    at node:internal/modules/cjs/loader:1706:10[39m
[31m    at Object.require.extensions.<computed> [as .ts] (D:\Logistics\Logistics\backend\node_modules\ts-node\src\index.ts:1621:12)[39m
[31m    at Module.load (node:internal/modules/cjs/loader:1289:32)[39m
[31m    at Function._load (node:internal/modules/cjs/loader:1108:12)[39m
[31m    at TracingChannel.traceSync (node:diagnostics_channel:322:14)[39m
2025-10-31 11:34:10 [[32MINFO[39M]: [32mServer is running on port 8080[39m
2025-10-31 11:34:10 [[32MINFO[39M]: [32mRunning initial database setup...[39m
2025-10-31 11:34:10 [[32MINFO[39M]: [32mDatabase setup completed.[39m
2025-10-31 11:35:46 [[32MINFO[39M]: [32mServer is running on port 8080[39m
2025-10-31 11:35:46 [[32MINFO[39M]: [32mRunning initial database setup...[39m
2025-10-31 11:35:46 [[32MINFO[39M]: [32mDatabase setup completed.[39m
2025-10-31 11:36:29 [[32MINFO[39M]: [32mServer is running on port 8080[39m
2025-10-31 11:36:29 [[32MINFO[39M]: [32mRunning initial database setup...[39m
2025-10-31 11:36:29 [[32MINFO[39M]: [32mDatabase setup completed.[39m
2025-10-31 11:37:31 [[32MINFO[39M]: [32mServer is running on port 8080[39m
2025-10-31 11:37:31 [[32MINFO[39M]: [32mRunning initial database setup...[39m
2025-10-31 11:37:31 [[32MINFO[39M]: [32mDatabase setup completed.[39m
2025-10-31 11:50:48 [[32MINFO[39M]: [32mServer is running on port 8080[39m
2025-10-31 11:50:48 [[32MINFO[39M]: [32mRunning initial database setup...[39m
2025-10-31 11:50:48 [[32MINFO[39M]: [32mDatabase setup completed.[39m
2025-10-31 12:23:05 [[32MINFO[39M]: [32mServer is running on port 8080[39m
2025-10-31 12:23:05 [[32MINFO[39M]: [32mRunning initial database setup...[39m
2025-10-31 12:23:05 [[32MINFO[39M]: [32mDatabase setup completed.[39m
2025-10-31 14:03:48 [[32MINFO[39M]: [32mServer is running on port 8080[39m
2025-10-31 14:03:48 [[32MINFO[39M]: [32mRunning initial database setup...[39m
2025-10-31 14:03:48 [[32MINFO[39M]: [32mDatabase setup completed.[39m
2025-10-31 15:32:32 [[32MINFO[39M]: [32mServer is running on port 8080[39m
2025-10-31 15:32:32 [[32MINFO[39M]: [32mRunning initial database setup...[39m
2025-10-31 15:32:33 [[32MINFO[39M]: [32mDatabase setup completed.[39m
2025-10-31 15:35:38 [[32MINFO[39M]: [32mServer is running on port 8080[39m
2025-10-31 15:35:38 [[32MINFO[39M]: [32mRunning initial database setup...[39m
2025-10-31 15:35:39 [[32MINFO[39M]: [32mDatabase setup completed.[39m
2025-10-31 15:36:05 [[32MINFO[39M]: [32mServer is running on port 8080[39m
2025-10-31 15:36:05 [[32MINFO[39M]: [32mRunning initial database setup...[39m
2025-10-31 15:36:05 [[32MINFO[39M]: [32mDatabase setup completed.[39m
2025-10-31 15:36:37 [[32MINFO[39M]: [32mServer is running on port 8080[39m
2025-10-31 15:36:37 [[32MINFO[39M]: [32mRunning initial database setup...[39m
2025-10-31 15:36:38 [[32MINFO[39M]: [32mDatabase setup completed.[39m
2025-10-31 15:39:42 [[32MINFO[39M]: [32mServer is running on port 8080[39m
2025-10-31 15:39:42 [[32MINFO[39M]: [32mRunning initial database setup...[39m
2025-10-31 15:39:42 [[32MINFO[39M]: [32mDatabase setup completed.[39m
2025-10-31 15:40:24 [[32MINFO[39M]: [32mServer is running on port 8080[39m
2025-10-31 15:40:24 [[32MINFO[39M]: [32mRunning initial database setup...[39m
2025-10-31 15:40:24 [[32MINFO[39M]: [32mDatabase setup completed.[39m
2025-10-31 15:44:48 [[32MINFO[39M]: [32mServer is running on port 8080[39m
2025-10-31 15:44:48 [[32MINFO[39M]: [32mRunning initial database setup...[39m
2025-10-31 15:44:48 [[32MINFO[39M]: [32mDatabase setup completed.[39m
2025-10-31 15:45:05 [[32MINFO[39M]: [32mServer is running on port 8080[39m
2025-10-31 15:45:05 [[32MINFO[39M]: [32mRunning initial database setup...[39m
2025-10-31 15:45:06 [[32MINFO[39M]: [32mDatabase setup completed.[39m
2025-10-31 15:56:51 [[32MINFO[39M]: [32mServer is running on port 8080[39m
2025-10-31 15:56:51 [[32MINFO[39M]: [32mRunning initial database setup...[39m
2025-10-31 15:56:51 [[32MINFO[39M]: [32mDatabase setup completed.[39m
2025-10-31 15:57:44 [[32MINFO[39M]: [32mServer is running on port 8080[39m
2025-10-31 15:57:44 [[32MINFO[39M]: [32mRunning initial database setup...[39m
2025-10-31 15:57:45 [[32MINFO[39M]: [32mDatabase setup completed.[39m
2025-10-31 15:58:08 [[32MINFO[39M]: [32mServer is running on port 8080[39m
2025-10-31 15:58:08 [[32MINFO[39M]: [32mRunning initial database setup...[39m
2025-10-31 15:58:08 [[32MINFO[39M]: [32mDatabase setup completed.[39m
2025-10-31 16:00:25 [[32MINFO[39M]: [32mServer is running on port 8080[39m
2025-10-31 16:00:25 [[32MINFO[39M]: [32mRunning initial database setup...[39m
2025-10-31 16:00:26 [[32MINFO[39M]: [32mDatabase setup completed.[39m
2025-10-31 16:00:57 [[32MINFO[39M]: [32mServer is running on port 8080[39m
2025-10-31 16:00:57 [[32MINFO[39M]: [32mRunning initial database setup...[39m
2025-10-31 16:00:58 [[32MINFO[39M]: [32mDatabase setup completed.[39m
2025-10-31 16:02:01 [[32MINFO[39M]: [32mServer is running on port 8080[39m
2025-10-31 16:02:01 [[32MINFO[39M]: [32mRunning initial database setup...[39m
2025-10-31 16:02:01 [[32MINFO[39M]: [32mDatabase setup completed.[39m
2025-10-31 16:02:27 [[32MINFO[39M]: [32mServer is running on port 8080[39m
2025-10-31 16:02:27 [[32MINFO[39M]: [32mRunning initial database setup...[39m
2025-10-31 16:02:28 [[32MINFO[39M]: [32mDatabase setup completed.[39m
2025-10-31 16:03:45 [[32MINFO[39M]: [32mServer is running on port 8080[39m
2025-10-31 16:03:45 [[32MINFO[39M]: [32mRunning initial database setup...[39m
2025-10-31 16:03:46 [[32MINFO[39M]: [32mDatabase setup completed.[39m
2025-10-31 16:04:20 [[32MINFO[39M]: [32mServer is running on port 8080[39m
2025-10-31 16:04:20 [[32MINFO[39M]: [32mRunning initial database setup...[39m
2025-10-31 16:04:20 [[32MINFO[39M]: [32mDatabase setup completed.[39m
2025-11-01 09:10:52 [[32MINFO[39M]: [32mServer is running on port 8080[39m
2025-11-01 09:10:52 [[32MINFO[39M]: [32mRunning initial database setup...[39m
2025-11-01 09:10:52 [[32MINFO[39M]: [32mDatabase setup completed.[39m
2025-11-01 11:27:17 [[32MINFO[39M]: [32mServer is running on port 8080[39m
2025-11-01 11:27:17 [[32MINFO[39M]: [32mRunning initial database setup...[39m
2025-11-01 11:27:17 [[32MINFO[39M]: [32mDatabase setup completed.[39m
2025-11-01 11:36:37 [[32MINFO[39M]: [32mServer is running on port 8080[39m
2025-11-01 11:36:37 [[32MINFO[39M]: [32mRunning initial database setup...[39m
2025-11-01 11:36:37 [[32MINFO[39M]: [32mDatabase setup completed.[39m
2025-11-01 12:21:04 [[32MINFO[39M]: [32mServer is running on port 8080[39m
2025-11-01 12:21:04 [[32MINFO[39M]: [32mRunning initial database setup...[39m
2025-11-01 12:21:04 [[32MINFO[39M]: [32mDatabase setup completed.[39m
2025-11-01 12:32:43 [[32MINFO[39M]: [32mServer is running on port 8080[39m
2025-11-01 12:32:43 [[32MINFO[39M]: [32mRunning initial database setup...[39m
2025-11-01 12:32:44 [[32MINFO[39M]: [32mDatabase setup completed.[39m
2025-11-01 12:37:18 [[32MINFO[39M]: [32mServer is running on port 8080[39m
2025-11-01 12:37:18 [[32MINFO[39M]: [32mRunning initial database setup...[39m
2025-11-01 12:37:18 [[32MINFO[39M]: [32mDatabase setup completed.[39m
2025-11-01 12:41:17 [[32MINFO[39M]: [32mServer is running on port 8080[39m
2025-11-01 12:41:17 [[32MINFO[39M]: [32mRunning initial database setup...[39m
2025-11-01 12:41:18 [[32MINFO[39M]: [32mDatabase setup completed.[39m
2025-11-01 12:41:58 [[32MINFO[39M]: [32mServer is running on port 8080[39m
2025-11-01 12:41:58 [[32MINFO[39M]: [32mRunning initial database setup...[39m
2025-11-01 12:41:58 [[32MINFO[39M]: [32mDatabase setup completed.[39m
2025-11-01 12:42:22 [[32MINFO[39M]: [32mServer is running on port 8080[39m
2025-11-01 12:42:22 [[32MINFO[39M]: [32mRunning initial database setup...[39m
2025-11-01 12:42:22 [[32MINFO[39M]: [32mDatabase setup completed.[39m
2025-11-01 15:00:09 [[32MINFO[39M]: [32mServer is running on port 8080[39m
2025-11-01 15:00:09 [[32MINFO[39M]: [32mRunning initial database setup...[39m
2025-11-01 15:00:10 [[32MINFO[39M]: [32mDatabase setup completed.[39m
2025-11-01 15:00:17 [[32MINFO[39M]: [32mServer is running on port 8080[39m
2025-11-01 15:00:17 [[32MINFO[39M]: [32mRunning initial database setup...[39m
2025-11-01 15:00:17 [[32MINFO[39M]: [32mDatabase setup completed.[39m
2025-11-01 15:00:31 [[32MINFO[39M]: [32mServer is running on port 8080[39m
2025-11-01 15:00:31 [[32MINFO[39M]: [32mRunning initial database setup...[39m
2025-11-01 15:00:31 [[32MINFO[39M]: [32mDatabase setup completed.[39m
2025-11-01 15:08:48 [[32MINFO[39M]: [32mServer is running on port 8080[39m
2025-11-01 15:08:48 [[32MINFO[39M]: [32mRunning initial database setup...[39m
2025-11-01 15:08:48 [[32MINFO[39M]: [32mDatabase setup completed.[39m
2025-11-01 15:16:45 [[32MINFO[39M]: [32mServer is running on port 8080[39m
2025-11-01 15:16:45 [[32MINFO[39M]: [32mRunning initial database setup...[39m
2025-11-01 15:16:45 [[32MINFO[39M]: [32mDatabase setup completed.[39m
2025-11-01 15:16:52 [[32MINFO[39M]: [32mServer is running on port 8080[39m
2025-11-01 15:16:52 [[32MINFO[39M]: [32mRunning initial database setup...[39m
2025-11-01 15:16:52 [[32MINFO[39M]: [32mDatabase setup completed.[39m
2025-11-01 15:17:10 [[32MINFO[39M]: [32mServer is running on port 8080[39m
2025-11-01 15:17:10 [[32MINFO[39M]: [32mRunning initial database setup...[39m
2025-11-01 15:17:11 [[32MINFO[39M]: [32mDatabase setup completed.[39m
2025-11-01 15:26:28 [[32MINFO[39M]: [32mServer is running on port 8080[39m
2025-11-01 15:26:28 [[32MINFO[39M]: [32mRunning initial database setup...[39m
2025-11-01 15:26:29 [[32MINFO[39M]: [32mDatabase setup completed.[39m
2025-11-01 15:26:42 [[32MINFO[39M]: [32mServer is running on port 8080[39m
2025-11-01 15:26:42 [[32MINFO[39M]: [32mRunning initial database setup...[39m
2025-11-01 15:26:42 [[32MINFO[39M]: [32mDatabase setup completed.[39m
2025-11-01 15:26:55 [[32MINFO[39M]: [32mServer is running on port 8080[39m
2025-11-01 15:26:55 [[32MINFO[39M]: [32mRunning initial database setup...[39m
2025-11-01 15:26:55 [[32MINFO[39M]: [32mDatabase setup completed.[39m
2025-11-01 15:27:05 [[32MINFO[39M]: [32mServer is running on port 8080[39m
2025-11-01 15:27:05 [[32MINFO[39M]: [32mRunning initial database setup...[39m
2025-11-01 15:27:05 [[32MINFO[39M]: [32mDatabase setup completed.[39m
2025-11-01 15:33:06 [[32MINFO[39M]: [32mServer is running on port 8080[39m
2025-11-01 15:33:06 [[32MINFO[39M]: [32mRunning initial database setup...[39m
2025-11-01 15:33:06 [[32MINFO[39M]: [32mDatabase setup completed.[39m
2025-11-01 15:39:13 [[32MINFO[39M]: [32mServer is running on port 8080[39m
2025-11-01 15:39:13 [[32MINFO[39M]: [32mRunning initial database setup...[39m
2025-11-01 15:39:13 [[32MINFO[39M]: [32mDatabase setup completed.[39m
2025-11-01 15:41:15 [[32MINFO[39M]: [32mServer is running on port 8080[39m
2025-11-01 15:41:15 [[32MINFO[39M]: [32mRunning initial database setup...[39m
2025-11-01 15:41:15 [[32MINFO[39M]: [32mDatabase setup completed.[39m
2025-11-01 15:53:11 [[33MWARN[39M]: [33mProduction Environment:[39m
2025-11-01 15:53:11 [[31MERROR[39M]: [31m[GET] /api/admin/returns/update/1 - Internal Server Error [400][39m
2025-11-01 16:56:00 [[32MINFO[39M]: [32mServer is running on port 8080[39m
2025-11-01 16:56:00 [[32MINFO[39M]: [32mRunning initial database setup...[39m
2025-11-01 16:56:01 [[32MINFO[39M]: [32mDatabase setup completed.[39m
